0 info it worked if it ends with ok
1 verbose cli [ 'node', '/usr/local/bin/npm', 'vi', '.travis.yml' ]
2 info using npm@1.4.23
3 info using node@v0.10.31
4 verbose request where is /.travis.yml
5 verbose request registry https://registry.npmjs.org/
6 verbose request id 3e37cb483f008048
7 verbose url raw /.travis.yml
8 verbose url resolving [ 'https://registry.npmjs.org/', './.travis.yml' ]
9 verbose url resolved https://registry.npmjs.org/.travis.yml
10 verbose request where is https://registry.npmjs.org/.travis.yml
11 info trying registry request attempt 1 at 08:12:36
12 http GET https://registry.npmjs.org/.travis.yml
13 http 404 https://registry.npmjs.org/.travis.yml
14 verbose headers { date: 'Fri, 12 Sep 2014 15:11:41 GMT',
14 verbose headers   server: 'CouchDB/1.5.0 (Erlang OTP/R16B03)',
14 verbose headers   'content-type': 'application/json',
14 verbose headers   'cache-control': 'max-age=0',
14 verbose headers   'content-length': '52',
14 verbose headers   'accept-ranges': 'bytes',
14 verbose headers   via: '1.1 varnish',
14 verbose headers   age: '0',
14 verbose headers   'x-served-by': 'cache-dfw1831-DFW',
14 verbose headers   'x-cache': 'MISS',
14 verbose headers   'x-cache-hits': '0',
14 verbose headers   'x-timer': 'S1410534701.338998,VS0,VE69',
14 verbose headers   'keep-alive': 'timeout=10, max=50',
14 verbose headers   connection: 'Keep-Alive' }
15 silly registry.get cb [ 404,
15 silly registry.get   { date: 'Fri, 12 Sep 2014 15:11:41 GMT',
15 silly registry.get     server: 'CouchDB/1.5.0 (Erlang OTP/R16B03)',
15 silly registry.get     'content-type': 'application/json',
15 silly registry.get     'cache-control': 'max-age=0',
15 silly registry.get     'content-length': '52',
15 silly registry.get     'accept-ranges': 'bytes',
15 silly registry.get     via: '1.1 varnish',
15 silly registry.get     age: '0',
15 silly registry.get     'x-served-by': 'cache-dfw1831-DFW',
15 silly registry.get     'x-cache': 'MISS',
15 silly registry.get     'x-cache-hits': '0',
15 silly registry.get     'x-timer': 'S1410534701.338998,VS0,VE69',
15 silly registry.get     'keep-alive': 'timeout=10, max=50',
15 silly registry.get     connection: 'Keep-Alive' } ]
16 error 404 404 Not Found: .travis.yml
16 error 404
16 error 404 '.travis.yml' is not in the npm registry.
16 error 404 You should bug the author to publish it
16 error 404
16 error 404 Note that you can also install from a
16 error 404 tarball, folder, or http url, or git url.
17 error System Darwin 13.3.0
18 error command "node" "/usr/local/bin/npm" "vi" ".travis.yml"
19 error cwd /Users/ertoth/PayPal/src/git/caller
20 error node -v v0.10.31
21 error npm -v 1.4.23
22 error code E404
23 verbose exit [ 1, true ]
